<?xml version="1.0" encoding="UTF-8"?>
<testng-results ignored="0" total="1" passed="1" failed="0" skipped="0">
  <reporter-output>
  </reporter-output>
  <suite started-at="2022-02-28T21:06:23 EST" name="Default suite" finished-at="2022-02-28T21:06:45 EST" duration-ms="22011">
    <groups>
    </groups>
    <test started-at="2022-02-28T21:06:23 EST" name="Default test" finished-at="2022-02-28T21:06:45 EST" duration-ms="22011">
      <class name="com.page.object.tests.Task_One_Test">
        <test-method is-config="true" signature="setUp()[pri:0, instance:com.page.object.tests.Task_One_Test@75437611]" started-at="2022-02-28T21:06:23 EST" name="setUp" finished-at="2022-02-28T21:06:26 EST" duration-ms="2738" status="PASS">
          <reporter-output>
          </reporter-output>
        </test-method> <!-- setUp -->
        <test-method signature="dataDrivenTest(java.lang.String,java.lang.String,java.lang.String,java.lang.String,java.lang.String,java.lang.String,java.lang.String,java.lang.String,java.lang.String,java.lang.String,java.lang.String,java.lang.String,java.lang.String,java.lang.String,java.lang.String,java.lang.String)[pri:0, instance:com.page.object.tests.Task_One_Test@75437611]" started-at="2022-02-28T21:06:26 EST" name="dataDrivenTest" data-provider="dataDrivenTest" finished-at="2022-02-28T21:06:41 EST" duration-ms="15743" status="PASS">
          <params>
            <param index="0">
              <value>
                <![CDATA[AutoTesting78110@gmail.com]]>
              </value>
            </param>
            <param index="1">
              <value>
                <![CDATA[Auto]]>
              </value>
            </param>
            <param index="2">
              <value>
                <![CDATA[Testing]]>
              </value>
            </param>
            <param index="3">
              <value>
                <![CDATA[123456]]>
              </value>
            </param>
            <param index="4">
              <value>
                <![CDATA[Auto]]>
              </value>
            </param>
            <param index="5">
              <value>
                <![CDATA[Testing]]>
              </value>
            </param>
            <param index="6">
              <value>
                <![CDATA[123, what St]]>
              </value>
            </param>
            <param index="7">
              <value>
                <![CDATA[New York]]>
              </value>
            </param>
            <param index="8">
              <value>
                <![CDATA[New York]]>
              </value>
            </param>
            <param index="9">
              <value>
                <![CDATA[21240]]>
              </value>
            </param>
            <param index="10">
              <value>
                <![CDATA[123456789]]>
              </value>
            </param>
            <param index="11">
              <value>
                <![CDATA[321, New St]]>
              </value>
            </param>
            <param index="12">
              <value>
                <![CDATA[LA]]>
              </value>
            </param>
            <param index="13">
              <value>
                <![CDATA[California]]>
              </value>
            </param>
            <param index="14">
              <value>
                <![CDATA[54675]]>
              </value>
            </param>
            <param index="15">
              <value>
                <![CDATA[987456123]]>
              </value>
            </param>
          </params>
          <reporter-output>
          </reporter-output>
        </test-method> <!-- dataDrivenTest -->
        <test-method is-config="true" signature="tearDown()[pri:0, instance:com.page.object.tests.Task_One_Test@75437611]" started-at="2022-02-28T21:06:41 EST" name="tearDown" finished-at="2022-02-28T21:06:44 EST" duration-ms="3051" status="PASS">
          <reporter-output>
          </reporter-output>
        </test-method> <!-- tearDown -->
        <test-method is-config="true" signature="cleanUpAfterAllTestMethods()[pri:0, instance:com.page.object.tests.Task_One_Test@75437611]" started-at="2022-02-28T21:06:44 EST" name="cleanUpAfterAllTestMethods" finished-at="2022-02-28T21:06:45 EST" duration-ms="71" status="PASS">
          <reporter-output>
          </reporter-output>
        </test-method> <!-- cleanUpAfterAllTestMethods -->
      </class> <!-- com.page.object.tests.Task_One_Test -->
    </test> <!-- Default test -->
  </suite> <!-- Default suite -->
</testng-results>
